<?xml version="1.0" encoding="UTF-8"?>
<!-- Generated by org.testng.reporters.JUnitXMLReporter -->
<testsuite ignored="0" hostname="MT-79DHR93" failures="2" tests="10" name="Test" time="209.512" errors="0" timestamp="2021-11-22T02:49:09 IST">
  <testcase classname="com.mindtree.hybrid.utilities.contactUsTC" name="Contact_Page" time="29.263">
    <failure type="org.openqa.selenium.NoSuchElementException" message="no such element: Unable to locate element: {&amp;quot;method&amp;quot;:&amp;quot;css selector&amp;quot;,&amp;quot;selector&amp;quot;:&amp;quot;h2[class*=&amp;apos;appear-delay&amp;apos;]&amp;quot;}
  (Session info: chrome=96.0.4664.45)
For documentation on this error, please visit: https://www.seleniumhq.org/exceptions/no_such_element.html
Build info: version: &amp;apos;3.141.59&amp;apos;, revision: &amp;apos;e82be7d358&amp;apos;, time: &amp;apos;2018-11-14T08:17:03&amp;apos;
System info: host: &amp;apos;MT-79DHR93&amp;apos;, ip: &amp;apos;192.168.0.102&amp;apos;, os.name: &amp;apos;Windows 10&amp;apos;, os.arch: &amp;apos;amd64&amp;apos;, os.version: &amp;apos;10.0&amp;apos;, java.version: &amp;apos;16.0.2&amp;apos;
Driver info: org.openqa.selenium.chrome.ChromeDriver
Capabilities {acceptInsecureCerts: false, browserName: chrome, browserVersion: 96.0.4664.45, chrome: {chromedriverVersion: 95.0.4638.69 (6a1600ed572fe..., userDataDir: C:\Users\UMARIM~1\AppData\L...}, goog:chromeOptions: {debuggerAddress: localhost:63227}, javascriptEnabled: true, networkConnectionEnabled: false, pageLoadStrategy: normal, platform: WINDOWS, platformName: WINDOWS, proxy: Proxy(), setWindowRect: true, strictFileInteractability: false, timeouts: {implicit: 0, pageLoad: 300000, script: 30000}, unhandledPromptBehavior: dismiss and notify, webauthn:extension:credBlob: true, webauthn:extension:largeBlob: true, webauthn:virtualAuthenticators: true}
Session ID: 4f6bd61896bc07ebe449d0049a4b53a9
*** Element info: {Using=css selector, value=h2[class*=&amp;apos;appear-delay&amp;apos;]}">
      <![CDATA[org.openqa.selenium.NoSuchElementException: no such element: Unable to locate element: {"method":"css selector","selector":"h2[class*='appear-delay']"}
  (Session info: chrome=96.0.4664.45)
For documentation on this error, please visit: https://www.seleniumhq.org/exceptions/no_such_element.html
Build info: version: '3.141.59', revision: 'e82be7d358', time: '2018-11-14T08:17:03'
System info: host: 'MT-79DHR93', ip: '192.168.0.102', os.name: 'Windows 10', os.arch: 'amd64', os.version: '10.0', java.version: '16.0.2'
Driver info: org.openqa.selenium.chrome.ChromeDriver
Capabilities {acceptInsecureCerts: false, browserName: chrome, browserVersion: 96.0.4664.45, chrome: {chromedriverVersion: 95.0.4638.69 (6a1600ed572fe..., userDataDir: C:\Users\UMARIM~1\AppData\L...}, goog:chromeOptions: {debuggerAddress: localhost:63227}, javascriptEnabled: true, networkConnectionEnabled: false, pageLoadStrategy: normal, platform: WINDOWS, platformName: WINDOWS, proxy: Proxy(), setWindowRect: true, strictFileInteractability: false, timeouts: {implicit: 0, pageLoad: 300000, script: 30000}, unhandledPromptBehavior: dismiss and notify, webauthn:extension:credBlob: true, webauthn:extension:largeBlob: true, webauthn:virtualAuthenticators: true}
Session ID: 4f6bd61896bc07ebe449d0049a4b53a9
*** Element info: {Using=css selector, value=h2[class*='appear-delay']}
at org.openqa.selenium.remote.http.W3CHttpResponseCodec.createException(W3CHttpResponseCodec.java:187)
at org.openqa.selenium.remote.http.W3CHttpResponseCodec.decode(W3CHttpResponseCodec.java:122)
at org.openqa.selenium.remote.http.W3CHttpResponseCodec.decode(W3CHttpResponseCodec.java:49)
at org.openqa.selenium.remote.HttpCommandExecutor.execute(HttpCommandExecutor.java:158)
at org.openqa.selenium.remote.service.DriverCommandExecutor.execute(DriverCommandExecutor.java:83)
at org.openqa.selenium.remote.RemoteWebDriver.execute(RemoteWebDriver.java:552)
at org.openqa.selenium.remote.RemoteWebDriver.findElement(RemoteWebDriver.java:323)
at org.openqa.selenium.remote.RemoteWebDriver.findElementByCssSelector(RemoteWebDriver.java:420)
at org.openqa.selenium.By$ByCssSelector.findElement(By.java:431)
at org.openqa.selenium.remote.RemoteWebDriver.findElement(RemoteWebDriver.java:315)
at pageObjects.contactus.getText(contactus.java:63)
at com.mindtree.hybrid.utilities.contactUsTC.Contact_Page(contactUsTC.java:39)
at java.base/java.util.ArrayList.forEach(ArrayList.java:1511)
... Removed 32 stack frames]]>
    </failure>
  </testcase> <!-- Contact_Page -->
  <testcase classname="com.mindtree.hybrid.utilities.logingPageTc" name="Loging_Page" time="16.102"/>
  <testcase classname="com.mindtree.hybrid.utilities.HomePage" name="Home_Page_Navigation" time="11.057"/>
  <testcase classname="com.mindtree.hybrid.utilities.SearchTest" name="Search_page_navigation" time="12.883"/>
  <testcase classname="com.mindtree.hybrid.utilities.giftCard" name="GiftCard_Page" time="15.003"/>
  <testcase classname="com.mindtree.hybrid.utilities.wishListTc" name="WishList" time="18.702"/>
  <testcase classname="com.mindtree.hybrid.utilities.sortTC" name="Sort_Product" time="13.395"/>
  <testcase classname="com.mindtree.hybrid.utilities.cartTC" name="cart_checkout" time="21.026"/>
  <testcase classname="com.mindtree.hybrid.utilities.allOfItTC" name="Home_Items" time="15.123">
    <failure type="java.lang.AssertionError" message="expected [3 In 1 Smart Power Sound Lamp] but found [Snow Globe String LED Lights]">
      <![CDATA[java.lang.AssertionError: expected [3 In 1 Smart Power Sound Lamp] but found [Snow Globe String LED Lights]
at com.mindtree.hybrid.utilities.allOfItTC.Home_Items(allOfItTC.java:38)
at java.base/java.util.ArrayList.forEach(ArrayList.java:1511)
... Removed 33 stack frames]]>
    </failure>
  </testcase> <!-- Home_Items -->
  <testcase classname="com.mindtree.hybrid.utilities.hoverTC" name="Hover_Page_Navigation" time="19.075"/>
</testsuite> <!-- Test -->
