<?xml version="1.0" encoding="UTF-8"?>
<!-- Generated by org.testng.reporters.JUnitXMLReporter -->
<testsuite hostname="MT-79DHR93" name="Test" tests="10" failures="1" timestamp="22 Nov 2021 16:25:24 GMT" time="202.851" errors="0">
  <testcase name="Contact_Page" time="15.051" classname="com.mindtree.hybrid.utilities.contactUsTC"/>
  <testcase name="Loging_Page" time="14.673" classname="com.mindtree.hybrid.utilities.logingPageTc"/>
  <testcase name="Home_Page_Navigation" time="10.512" classname="com.mindtree.hybrid.utilities.HomePage"/>
  <testcase name="Search_page_navigation" time="14.352" classname="com.mindtree.hybrid.utilities.SearchTest"/>
  <testcase name="GiftCard_Page" time="20.624" classname="com.mindtree.hybrid.utilities.giftCard"/>
  <testcase name="WishList" time="12.34" classname="com.mindtree.hybrid.utilities.wishListTc">
    <failure type="org.openqa.selenium.ElementClickInterceptedException" message="element click intercepted: Element &amp;lt;button class=&amp;quot;btn btn-default&amp;quot; title=&amp;quot;&amp;quot;&amp;gt;...&amp;lt;/button&amp;gt; is not clickable at point (761, 580). Other element would receive the click: &amp;lt;img class=&amp;quot;grid-product__image lazyautosizes lazyloaded&amp;quot; data-widths=&amp;quot;[750, 900, 1080]&amp;quot; data-aspectratio=&amp;quot;1.0&amp;quot; data-sizes=&amp;quot;auto&amp;quot; alt=&amp;quot;&amp;quot; data-srcset=&amp;quot;//cdn.shopify.com/s/files/1/1305/2183/files/Flower_Tree_LED_Lamp_9617_-_3_750x.jpg?v=1636960917 750w, //cdn.shopify.com/s/files/1/1305/2183/files/Flower_Tree_LED_Lamp_9617_-_3_900x.jpg?v=1636960917 900w, //cdn.shopify.com/s/files/1/1305/2183/files/Flower_Tree_LED_Lamp_9617_-_3_1080x.jpg?v=1636960917 1080w&amp;quot; sizes=&amp;quot;485px&amp;quot; srcset=&amp;quot;//cdn.shopify.com/s/files/1/1305/2183/files/Flower_Tree_LED_Lamp_9617_-_3_750x.jpg?v=1636960917 750w, //cdn.shopify.com/s/files/1/1305/2183/files/Flower_Tree_LED_Lamp_9617_-_3_900x.jpg?v=1636960917 900w, //cdn.shopify.com/s/files/1/1305/2183/files/Flower_Tree_LED_Lamp_9617_-_3_1080x.jpg?v=1636960917 1080w&amp;quot;&amp;gt;
  (Session info: chrome=96.0.4664.45)
Build info: version: &amp;apos;3.141.59&amp;apos;, revision: &amp;apos;e82be7d358&amp;apos;, time: &amp;apos;2018-11-14T08:17:03&amp;apos;
System info: host: &amp;apos;MT-79DHR93&amp;apos;, ip: &amp;apos;192.168.0.102&amp;apos;, os.name: &amp;apos;Windows 10&amp;apos;, os.arch: &amp;apos;amd64&amp;apos;, os.version: &amp;apos;10.0&amp;apos;, java.version: &amp;apos;1.8.0_292&amp;apos;
Driver info: org.openqa.selenium.chrome.ChromeDriver
Capabilities {acceptInsecureCerts: false, browserName: chrome, browserVersion: 96.0.4664.45, chrome: {chromedriverVersion: 95.0.4638.69 (6a1600ed572fe..., userDataDir: C:\Users\UMARIM~1\AppData\L...}, goog:chromeOptions: {debuggerAddress: localhost:57806}, javascriptEnabled: true, networkConnectionEnabled: false, pageLoadStrategy: normal, platform: WINDOWS, platformName: WINDOWS, proxy: Proxy(), setWindowRect: true, strictFileInteractability: false, timeouts: {implicit: 0, pageLoad: 300000, script: 30000}, unhandledPromptBehavior: dismiss and notify, webauthn:extension:credBlob: true, webauthn:extension:largeBlob: true, webauthn:virtualAuthenticators: true}
Session ID: 72d48c7a5f2e664276d1e30015a9524d">
      <![CDATA[org.openqa.selenium.ElementClickInterceptedException: element click intercepted: Element <button class="btn btn-default" title="">...</button> is not clickable at point (761, 580). Other element would receive the click: <img class="grid-product__image lazyautosizes lazyloaded" data-widths="[750, 900, 1080]" data-aspectratio="1.0" data-sizes="auto" alt="" data-srcset="//cdn.shopify.com/s/files/1/1305/2183/files/Flower_Tree_LED_Lamp_9617_-_3_750x.jpg?v=1636960917 750w, //cdn.shopify.com/s/files/1/1305/2183/files/Flower_Tree_LED_Lamp_9617_-_3_900x.jpg?v=1636960917 900w, //cdn.shopify.com/s/files/1/1305/2183/files/Flower_Tree_LED_Lamp_9617_-_3_1080x.jpg?v=1636960917 1080w" sizes="485px" srcset="//cdn.shopify.com/s/files/1/1305/2183/files/Flower_Tree_LED_Lamp_9617_-_3_750x.jpg?v=1636960917 750w, //cdn.shopify.com/s/files/1/1305/2183/files/Flower_Tree_LED_Lamp_9617_-_3_900x.jpg?v=1636960917 900w, //cdn.shopify.com/s/files/1/1305/2183/files/Flower_Tree_LED_Lamp_9617_-_3_1080x.jpg?v=1636960917 1080w">
  (Session info: chrome=96.0.4664.45)
Build info: version: '3.141.59', revision: 'e82be7d358', time: '2018-11-14T08:17:03'
System info: host: 'MT-79DHR93', ip: '192.168.0.102', os.name: 'Windows 10', os.arch: 'amd64', os.version: '10.0', java.version: '1.8.0_292'
Driver info: org.openqa.selenium.chrome.ChromeDriver
Capabilities {acceptInsecureCerts: false, browserName: chrome, browserVersion: 96.0.4664.45, chrome: {chromedriverVersion: 95.0.4638.69 (6a1600ed572fe..., userDataDir: C:\Users\UMARIM~1\AppData\L...}, goog:chromeOptions: {debuggerAddress: localhost:57806}, javascriptEnabled: true, networkConnectionEnabled: false, pageLoadStrategy: normal, platform: WINDOWS, platformName: WINDOWS, proxy: Proxy(), setWindowRect: true, strictFileInteractability: false, timeouts: {implicit: 0, pageLoad: 300000, script: 30000}, unhandledPromptBehavior: dismiss and notify, webauthn:extension:credBlob: true, webauthn:extension:largeBlob: true, webauthn:virtualAuthenticators: true}
Session ID: 72d48c7a5f2e664276d1e30015a9524d
	at org.openqa.selenium.remote.http.W3CHttpResponseCodec.createException(W3CHttpResponseCodec.java:187)
	at org.openqa.selenium.remote.http.W3CHttpResponseCodec.decode(W3CHttpResponseCodec.java:122)
	at org.openqa.selenium.remote.http.W3CHttpResponseCodec.decode(W3CHttpResponseCodec.java:49)
	at org.openqa.selenium.remote.HttpCommandExecutor.execute(HttpCommandExecutor.java:158)
	at org.openqa.selenium.remote.service.DriverCommandExecutor.execute(DriverCommandExecutor.java:83)
	at org.openqa.selenium.remote.RemoteWebDriver.execute(RemoteWebDriver.java:552)
	at org.openqa.selenium.remote.RemoteWebElement.execute(RemoteWebElement.java:285)
	at org.openqa.selenium.remote.RemoteWebElement.click(RemoteWebElement.java:84)
	at com.mindtree.hybrid.utilities.wishListTc.WishList(wishListTc.java:29)
	at org.apache.maven.surefire.testng.TestNGExecutor.run(TestNGExecutor.java:284)
	at org.apache.maven.surefire.testng.TestNGXmlTestSuite.execute(TestNGXmlTestSuite.java:75)
	at org.apache.maven.surefire.testng.TestNGProvider.invoke(TestNGProvider.java:119)
	at org.apache.maven.surefire.booter.ForkedBooter.runSuitesInProcess(ForkedBooter.java:428)
	at org.apache.maven.surefire.booter.ForkedBooter.execute(ForkedBooter.java:162)
	at org.apache.maven.surefire.booter.ForkedBooter.run(ForkedBooter.java:562)
	at org.apache.maven.surefire.booter.ForkedBooter.main(ForkedBooter.java:548)
... Removed 25 stack frames]]>
    </failure>
  </testcase> <!-- WishList -->
  <testcase name="Sort_Product" time="13.758" classname="com.mindtree.hybrid.utilities.sortTC"/>
  <testcase name="cart_checkout" time="19.97" classname="com.mindtree.hybrid.utilities.cartTC"/>
  <testcase name="Home_Items" time="21.224" classname="com.mindtree.hybrid.utilities.allOfItTC"/>
  <testcase name="Hover_Page_Navigation" time="18.26" classname="com.mindtree.hybrid.utilities.hoverTC"/>
</testsuite> <!-- Test -->
