<html>
<head>
<title>TestNG:  Test</title>
<link href="../testng.css" rel="stylesheet" type="text/css" />
<link href="../my-testng.css" rel="stylesheet" type="text/css" />

<style type="text/css">
.log { display: none;} 
.stack-trace { display: none;} 
</style>
<script type="text/javascript">
<!--
function flip(e) {
  current = e.style.display;
  if (current == 'block') {
    e.style.display = 'none';
    return 0;
  }
  else {
    e.style.display = 'block';
    return 1;
  }
}

function toggleBox(szDivId, elem, msg1, msg2)
{
  var res = -1;  if (document.getElementById) {
    res = flip(document.getElementById(szDivId));
  }
  else if (document.all) {
    // this is the way old msie versions work
    res = flip(document.all[szDivId]);
  }
  if(elem) {
    if(res == 0) elem.innerHTML = msg1; else elem.innerHTML = msg2;
  }

}

function toggleAllBoxes() {
  if (document.getElementsByTagName) {
    d = document.getElementsByTagName('div');
    for (i = 0; i < d.length; i++) {
      if (d[i].className == 'log') {
        flip(d[i]);
      }
    }
  }
}

// -->
</script>

</head>
<body>
<h2 align='center'>Test</h2><table border='1' align="center">
<tr>
<td>Tests passed/Failed/Skipped:</td><td>9/1/0</td>
</tr><tr>
<td>Started on:</td><td>Mon Nov 22 21:52:02 IST 2021</td>
</tr>
<tr><td>Total time:</td><td>202 seconds (202851 ms)</td>
</tr><tr>
<td>Included groups:</td><td></td>
</tr><tr>
<td>Excluded groups:</td><td></td>
</tr>
</table><p/>
<small><i>(Hover the method name to see the test class name)</i></small><p/>
<table width='100%' border='1' class='invocation-failed'>
<tr><td colspan='4' align='center'><b>FAILED TESTS</b></td></tr>
<tr><td><b>Test method</b></td>
<td width="30%"><b>Exception</b></td>
<td width="10%"><b>Time (seconds)</b></td>
<td><b>Instance</b></td>
</tr>
<tr>
<td title='com.mindtree.hybrid.utilities.wishListTc.WishList()'><b>WishList</b><br>Test class: com.mindtree.hybrid.utilities.wishListTc</td>
<td><div><pre>org.openqa.selenium.ElementClickInterceptedException: element click intercepted: Element &lt;button class=&quot;btn btn-default&quot; title=&quot;&quot;&gt;...&lt;/button&gt; is not clickable at point (761, 580). Other element would receive the click: &lt;img class=&quot;grid-product__image lazyautosizes lazyloaded&quot; data-widths=&quot;[750, 900, 1080]&quot; data-aspectratio=&quot;1.0&quot; data-sizes=&quot;auto&quot; alt=&quot;&quot; data-srcset=&quot;//cdn.shopify.com/s/files/1/1305/2183/files/Flower_Tree_LED_Lamp_9617_-_3_750x.jpg?v=1636960917 750w, //cdn.shopify.com/s/files/1/1305/2183/files/Flower_Tree_LED_Lamp_9617_-_3_900x.jpg?v=1636960917 900w, //cdn.shopify.com/s/files/1/1305/2183/files/Flower_Tree_LED_Lamp_9617_-_3_1080x.jpg?v=1636960917 1080w&quot; sizes=&quot;485px&quot; srcset=&quot;//cdn.shopify.com/s/files/1/1305/2183/files/Flower_Tree_LED_Lamp_9617_-_3_750x.jpg?v=1636960917 750w, //cdn.shopify.com/s/files/1/1305/2183/files/Flower_Tree_LED_Lamp_9617_-_3_900x.jpg?v=1636960917 900w, //cdn.shopify.com/s/files/1/1305/2183/files/Flower_Tree_LED_Lamp_9617_-_3_1080x.jpg?v=1636960917 1080w&quot;&gt;
  (Session info: chrome=96.0.4664.45)
Build info: version: &apos;3.141.59&apos;, revision: &apos;e82be7d358&apos;, time: &apos;2018-11-14T08:17:03&apos;
System info: host: &apos;MT-79DHR93&apos;, ip: &apos;192.168.0.102&apos;, os.name: &apos;Windows 10&apos;, os.arch: &apos;amd64&apos;, os.version: &apos;10.0&apos;, java.version: &apos;1.8.0_292&apos;
Driver info: org.openqa.selenium.chrome.ChromeDriver
Capabilities {acceptInsecureCerts: false, browserName: chrome, browserVersion: 96.0.4664.45, chrome: {chromedriverVersion: 95.0.4638.69 (6a1600ed572fe..., userDataDir: C:\Users\UMARIM~1\AppData\L...}, goog:chromeOptions: {debuggerAddress: localhost:57806}, javascriptEnabled: true, networkConnectionEnabled: false, pageLoadStrategy: normal, platform: WINDOWS, platformName: WINDOWS, proxy: Proxy(), setWindowRect: true, strictFileInteractability: false, timeouts: {implicit: 0, pageLoad: 300000, script: 30000}, unhandledPromptBehavior: dismiss and notify, webauthn:extension:credBlob: true, webauthn:extension:largeBlob: true, webauthn:virtualAuthenticators: true}
Session ID: 72d48c7a5f2e664276d1e30015a9524d
	at org.openqa.selenium.remote.http.W3CHttpResponseCodec.createException(W3CHttpResponseCodec.java:187)
	at org.openqa.selenium.remote.http.W3CHttpResponseCodec.decode(W3CHttpResponseCodec.java:122)
	at org.openqa.selenium.remote.http.W3CHttpResponseCodec.decode(W3CHttpResponseCodec.java:49)
	at org.openqa.selenium.remote.HttpCommandExecutor.execute(HttpCommandExecutor.java:158)
	at org.openqa.selenium.remote.service.DriverCommandExecutor.execute(DriverCommandExecutor.java:83)
	at org.openqa.selenium.remote.RemoteWebDriver.execute(RemoteWebDriver.java:552)
	at org.openqa.selenium.remote.RemoteWebElement.execute(RemoteWebElement.java:285)
	at org.openqa.selenium.remote.RemoteWebElement.click(RemoteWebElement.java:84)
	at com.mindtree.hybrid.utilities.wishListTc.WishList(wishListTc.java:29)
	at org.apache.maven.surefire.testng.TestNGExecutor.run(TestNGExecutor.java:284)
	at org.apache.maven.surefire.testng.TestNGXmlTestSuite.execute(TestNGXmlTestSuite.java:75)
	at org.apache.maven.surefire.testng.TestNGProvider.invoke(TestNGProvider.java:119)
	at org.apache.maven.surefire.booter.ForkedBooter.runSuitesInProcess(ForkedBooter.java:428)
	at org.apache.maven.surefire.booter.ForkedBooter.execute(ForkedBooter.java:162)
	at org.apache.maven.surefire.booter.ForkedBooter.run(ForkedBooter.java:562)
	at org.apache.maven.surefire.booter.ForkedBooter.main(ForkedBooter.java:548)
... Removed 25 stack frames</pre></div><a href='#' onClick='toggleBox("stack-trace2096268257", this, "Click to show all stack frames", "Click to hide stack frames")'>Click to show all stack frames</a>
<div class='stack-trace' id='stack-trace2096268257'><pre>org.openqa.selenium.ElementClickInterceptedException: element click intercepted: Element &lt;button class=&quot;btn btn-default&quot; title=&quot;&quot;&gt;...&lt;/button&gt; is not clickable at point (761, 580). Other element would receive the click: &lt;img class=&quot;grid-product__image lazyautosizes lazyloaded&quot; data-widths=&quot;[750, 900, 1080]&quot; data-aspectratio=&quot;1.0&quot; data-sizes=&quot;auto&quot; alt=&quot;&quot; data-srcset=&quot;//cdn.shopify.com/s/files/1/1305/2183/files/Flower_Tree_LED_Lamp_9617_-_3_750x.jpg?v=1636960917 750w, //cdn.shopify.com/s/files/1/1305/2183/files/Flower_Tree_LED_Lamp_9617_-_3_900x.jpg?v=1636960917 900w, //cdn.shopify.com/s/files/1/1305/2183/files/Flower_Tree_LED_Lamp_9617_-_3_1080x.jpg?v=1636960917 1080w&quot; sizes=&quot;485px&quot; srcset=&quot;//cdn.shopify.com/s/files/1/1305/2183/files/Flower_Tree_LED_Lamp_9617_-_3_750x.jpg?v=1636960917 750w, //cdn.shopify.com/s/files/1/1305/2183/files/Flower_Tree_LED_Lamp_9617_-_3_900x.jpg?v=1636960917 900w, //cdn.shopify.com/s/files/1/1305/2183/files/Flower_Tree_LED_Lamp_9617_-_3_1080x.jpg?v=1636960917 1080w&quot;&gt;
  (Session info: chrome=96.0.4664.45)
Build info: version: &apos;3.141.59&apos;, revision: &apos;e82be7d358&apos;, time: &apos;2018-11-14T08:17:03&apos;
System info: host: &apos;MT-79DHR93&apos;, ip: &apos;192.168.0.102&apos;, os.name: &apos;Windows 10&apos;, os.arch: &apos;amd64&apos;, os.version: &apos;10.0&apos;, java.version: &apos;1.8.0_292&apos;
Driver info: org.openqa.selenium.chrome.ChromeDriver
Capabilities {acceptInsecureCerts: false, browserName: chrome, browserVersion: 96.0.4664.45, chrome: {chromedriverVersion: 95.0.4638.69 (6a1600ed572fe..., userDataDir: C:\Users\UMARIM~1\AppData\L...}, goog:chromeOptions: {debuggerAddress: localhost:57806}, javascriptEnabled: true, networkConnectionEnabled: false, pageLoadStrategy: normal, platform: WINDOWS, platformName: WINDOWS, proxy: Proxy(), setWindowRect: true, strictFileInteractability: false, timeouts: {implicit: 0, pageLoad: 300000, script: 30000}, unhandledPromptBehavior: dismiss and notify, webauthn:extension:credBlob: true, webauthn:extension:largeBlob: true, webauthn:virtualAuthenticators: true}
Session ID: 72d48c7a5f2e664276d1e30015a9524d
	at sun.reflect.NativeConstructorAccessorImpl.newInstance0(Native Method)
	at sun.reflect.NativeConstructorAccessorImpl.newInstance(NativeConstructorAccessorImpl.java:62)
	at sun.reflect.DelegatingConstructorAccessorImpl.newInstance(DelegatingConstructorAccessorImpl.java:45)
	at java.lang.reflect.Constructor.newInstance(Constructor.java:423)
	at org.openqa.selenium.remote.http.W3CHttpResponseCodec.createException(W3CHttpResponseCodec.java:187)
	at org.openqa.selenium.remote.http.W3CHttpResponseCodec.decode(W3CHttpResponseCodec.java:122)
	at org.openqa.selenium.remote.http.W3CHttpResponseCodec.decode(W3CHttpResponseCodec.java:49)
	at org.openqa.selenium.remote.HttpCommandExecutor.execute(HttpCommandExecutor.java:158)
	at org.openqa.selenium.remote.service.DriverCommandExecutor.execute(DriverCommandExecutor.java:83)
	at org.openqa.selenium.remote.RemoteWebDriver.execute(RemoteWebDriver.java:552)
	at org.openqa.selenium.remote.RemoteWebElement.execute(RemoteWebElement.java:285)
	at org.openqa.selenium.remote.RemoteWebElement.click(RemoteWebElement.java:84)
	at com.mindtree.hybrid.utilities.wishListTc.WishList(wishListTc.java:29)
	at sun.reflect.NativeMethodAccessorImpl.invoke0(Native Method)
	at sun.reflect.NativeMethodAccessorImpl.invoke(NativeMethodAccessorImpl.java:62)
	at sun.reflect.DelegatingMethodAccessorImpl.invoke(DelegatingMethodAccessorImpl.java:43)
	at java.lang.reflect.Method.invoke(Method.java:498)
	at org.testng.internal.MethodInvocationHelper.invokeMethod(MethodInvocationHelper.java:80)
	at org.testng.internal.Invoker.invokeMethod(Invoker.java:714)
	at org.testng.internal.Invoker.invokeTestMethod(Invoker.java:901)
	at org.testng.internal.Invoker.invokeTestMethods(Invoker.java:1231)
	at org.testng.internal.TestMethodWorker.invokeTestMethods(TestMethodWorker.java:127)
	at org.testng.internal.TestMethodWorker.run(TestMethodWorker.java:111)
	at org.testng.TestRunner.privateRun(TestRunner.java:767)
	at org.testng.TestRunner.run(TestRunner.java:617)
	at org.testng.SuiteRunner.runTest(SuiteRunner.java:334)
	at org.testng.SuiteRunner.runSequentially(SuiteRunner.java:329)
	at org.testng.SuiteRunner.privateRun(SuiteRunner.java:291)
	at org.testng.SuiteRunner.run(SuiteRunner.java:240)
	at org.testng.SuiteRunnerWorker.runSuite(SuiteRunnerWorker.java:52)
	at org.testng.SuiteRunnerWorker.run(SuiteRunnerWorker.java:86)
	at org.testng.TestNG.runSuitesSequentially(TestNG.java:1198)
	at org.testng.TestNG.runSuitesLocally(TestNG.java:1123)
	at org.testng.TestNG.run(TestNG.java:1031)
	at org.apache.maven.surefire.testng.TestNGExecutor.run(TestNGExecutor.java:284)
	at org.apache.maven.surefire.testng.TestNGXmlTestSuite.execute(TestNGXmlTestSuite.java:75)
	at org.apache.maven.surefire.testng.TestNGProvider.invoke(TestNGProvider.java:119)
	at org.apache.maven.surefire.booter.ForkedBooter.runSuitesInProcess(ForkedBooter.java:428)
	at org.apache.maven.surefire.booter.ForkedBooter.execute(ForkedBooter.java:162)
	at org.apache.maven.surefire.booter.ForkedBooter.run(ForkedBooter.java:562)
	at org.apache.maven.surefire.booter.ForkedBooter.main(ForkedBooter.java:548)
</pre></div></td>
<td>12</td>
<td>com.mindtree.hybrid.utilities.wishListTc@2d29b4ee</td></tr>
</table><p>
<table width='100%' border='1' class='invocation-passed'>
<tr><td colspan='4' align='center'><b>PASSED TESTS</b></td></tr>
<tr><td><b>Test method</b></td>
<td width="30%"><b>Exception</b></td>
<td width="10%"><b>Time (seconds)</b></td>
<td><b>Instance</b></td>
</tr>
<tr>
<td title='com.mindtree.hybrid.utilities.contactUsTC.Contact_Page()'><b>Contact_Page</b><br>Test class: com.mindtree.hybrid.utilities.contactUsTC</td>
<td></td>
<td>15</td>
<td>com.mindtree.hybrid.utilities.contactUsTC@45385f75</td></tr>
<tr>
<td title='com.mindtree.hybrid.utilities.giftCard.GiftCard_Page()'><b>GiftCard_Page</b><br>Test class: com.mindtree.hybrid.utilities.giftCard</td>
<td></td>
<td>20</td>
<td>com.mindtree.hybrid.utilities.giftCard@2f953efd</td></tr>
<tr>
<td title='com.mindtree.hybrid.utilities.allOfItTC.Home_Items()'><b>Home_Items</b><br>Test class: com.mindtree.hybrid.utilities.allOfItTC</td>
<td></td>
<td>21</td>
<td>com.mindtree.hybrid.utilities.allOfItTC@23941fb4</td></tr>
<tr>
<td title='com.mindtree.hybrid.utilities.HomePage.Home_Page_Navigation()'><b>Home_Page_Navigation</b><br>Test class: com.mindtree.hybrid.utilities.HomePage</td>
<td></td>
<td>10</td>
<td>com.mindtree.hybrid.utilities.HomePage@1c9b0314</td></tr>
<tr>
<td title='com.mindtree.hybrid.utilities.hoverTC.Hover_Page_Navigation()'><b>Hover_Page_Navigation</b><br>Test class: com.mindtree.hybrid.utilities.hoverTC</td>
<td></td>
<td>18</td>
<td>com.mindtree.hybrid.utilities.hoverTC@5efa40fe</td></tr>
<tr>
<td title='com.mindtree.hybrid.utilities.logingPageTc.Loging_Page()'><b>Loging_Page</b><br>Test class: com.mindtree.hybrid.utilities.logingPageTc</td>
<td></td>
<td>14</td>
<td>com.mindtree.hybrid.utilities.logingPageTc@1f9f6368</td></tr>
<tr>
<td title='com.mindtree.hybrid.utilities.SearchTest.Search_page_navigation()'><b>Search_page_navigation</b><br>Test class: com.mindtree.hybrid.utilities.SearchTest</td>
<td></td>
<td>14</td>
<td>com.mindtree.hybrid.utilities.SearchTest@1df8da7a</td></tr>
<tr>
<td title='com.mindtree.hybrid.utilities.sortTC.Sort_Product()'><b>Sort_Product</b><br>Test class: com.mindtree.hybrid.utilities.sortTC</td>
<td></td>
<td>13</td>
<td>com.mindtree.hybrid.utilities.sortTC@7486b455</td></tr>
<tr>
<td title='com.mindtree.hybrid.utilities.cartTC.cart_checkout()'><b>cart_checkout</b><br>Test class: com.mindtree.hybrid.utilities.cartTC</td>
<td></td>
<td>19</td>
<td>com.mindtree.hybrid.utilities.cartTC@660acfb</td></tr>
</table><p>
</body>
</html>